<?xml version="1.0" encoding="UTF-8"?>
<!-- Generated by org.testng.reporters.JUnitReportReporter -->
<testsuite hostname="Pratixa" failures="0" tests="3" name="Session04.CheckForValidResponse" time="1.274" errors="0" timestamp="2024-01-03T18:01:00 EST" skipped="2">
  <testcase classname="Session04.CheckForValidResponse" name="GetSingleUser_BDDStyle" time="1.274"/>
  <testcase classname="Session04.CheckForValidResponse" name="getSingleUserUsingValidatableResponse">
    <skipped/>
  </testcase> <!-- getSingleUserUsingValidatableResponse -->
  <testcase classname="Session04.CheckForValidResponse" name="GetSingleUser">
    <skipped/>
  </testcase> <!-- GetSingleUser -->
</testsuite> <!-- Session04.CheckForValidResponse -->
