<?xml version="1.0" encoding="UTF-8"?>
<!-- Generated by org.testng.reporters.JUnitReportReporter -->
<testsuite hostname="Pratixa" failures="0" tests="1" name="CodeStudio.FirstGetRequest" time="1.583" errors="0" timestamp="2024-01-03T06:56:22 EST" skipped="0">
  <testcase classname="CodeStudio.FirstGetRequest" name="testcase01" time="1.583"/>
</testsuite> <!-- CodeStudio.FirstGetRequest -->
