<?xml version="1.0" encoding="UTF-8"?>
<!-- Generated by org.testng.reporters.JUnitReportReporter -->
<testsuite hostname="Pratixa" failures="0" tests="1" name="Practice.PracticeDemo_PutMethod" time="1.629" errors="0" timestamp="2024-01-10T15:41:03 EST" skipped="0">
  <testcase classname="Practice.PracticeDemo_PutMethod" name="test01" time="1.629"/>
</testsuite> <!-- Practice.PracticeDemo_PutMethod -->
