<?xml version="1.0" encoding="UTF-8"?>
<!-- Generated by org.testng.reporters.JUnitReportReporter -->
<testsuite hostname="Pratixa" failures="0" tests="1" name="Practice.PracticeDemo2" time="1.570" errors="0" timestamp="2024-01-10T15:26:40 EST" skipped="0">
  <testcase classname="Practice.PracticeDemo2" name="test01" time="1.570"/>
</testsuite> <!-- Practice.PracticeDemo2 -->
