<?xml version="1.0" encoding="UTF-8"?>
<!-- Generated by org.testng.reporters.JUnitReportReporter -->
<testsuite hostname="Pratixa" failures="0" tests="1" name="CodeStudio.Test_PostMethod" time="2.232" errors="0" timestamp="2023-11-20T10:08:52 EST" skipped="0">
  <testcase classname="CodeStudio.Test_PostMethod" name="test03" time="2.232"/>
  <system-out/>
</testsuite> <!-- CodeStudio.Test_PostMethod -->
