<?xml version="1.0" encoding="UTF-8"?>
<!-- Generated by org.testng.reporters.JUnitReportReporter -->
<testsuite hostname="Pratixa" failures="0" tests="1" name="ValidateHTTPResponseHeader.ValidateREsponseHeader" time="1.549" errors="0" timestamp="2023-11-20T18:18:46 EST" skipped="0">
  <testcase classname="ValidateHTTPResponseHeader.ValidateREsponseHeader" name="getSingleUser" time="1.549"/>
  <system-out/>
</testsuite> <!-- ValidateHTTPResponseHeader.ValidateREsponseHeader -->
