<?xml version="1.0" encoding="UTF-8"?>
<!-- Generated by org.testng.reporters.JUnitReportReporter -->
<testsuite hostname="Pratixa" failures="0" tests="1" name="CodeStudio_session06.ValidateJsonResponseBody" time="2.439" errors="0" timestamp="2024-05-08T17:52:17 EDT" skipped="0">
  <testcase classname="CodeStudio_session06.ValidateJsonResponseBody" name="userListResponseBody" time="2.439"/>
</testsuite> <!-- CodeStudio_session06.ValidateJsonResponseBody -->
