<?xml version="1.0" encoding="UTF-8"?>
<!-- Generated by org.testng.reporters.JUnitReportReporter -->
<testsuite hostname="Pratixa" failures="0" tests="1" name="HTTPRequests.GetRequest" time="2.818" errors="0" timestamp="2023-11-21T15:20:48 EST" skipped="0">
  <testcase classname="HTTPRequests.GetRequest" name="test01" time="2.818"/>
  <system-out/>
</testsuite> <!-- HTTPRequests.GetRequest -->
