<?xml version="1.0" encoding="UTF-8"?>
<!-- Generated by org.testng.reporters.JUnitReportReporter -->
<testsuite hostname="Pratixa" failures="0" tests="1" name="CodeStudio_session20.SerealizationAndDeserialization" time="1.744" errors="0" timestamp="2024-01-31T19:47:02 EST" skipped="0">
  <testcase classname="CodeStudio_session20.SerealizationAndDeserialization" name="createJSONObjectFromEmployeeClassObject" time="1.744"/>
</testsuite> <!-- CodeStudio_session20.SerealizationAndDeserialization -->
