<?xml version="1.0" encoding="UTF-8"?>
<!-- Generated by org.testng.reporters.JUnitReportReporter -->
<testsuite hostname="Pratixa" failures="0" tests="1" name="RSA.ComplexJsonParse" time="0.871" errors="0" timestamp="2023-11-22T13:03:51 EST" skipped="0">
  <testcase classname="RSA.ComplexJsonParse" name="jsonParse" time="0.871"/>
</testsuite> <!-- RSA.ComplexJsonParse -->
