<?xml version="1.0" encoding="UTF-8"?>
<!-- Generated by org.testng.reporters.JUnitReportReporter -->
<testsuite hostname="Pratixa" failures="0" tests="3" name="CodeStudio_session04.CheckForValidResponse" time="1.663" errors="0" timestamp="2024-01-31T18:22:21 EST" skipped="2">
  <testcase classname="CodeStudio_session04.CheckForValidResponse" name="GetSingleUser_BDDStyle" time="1.663"/>
  <testcase classname="CodeStudio_session04.CheckForValidResponse" name="GetSingleUser">
    <skipped/>
  </testcase> <!-- GetSingleUser -->
  <testcase classname="CodeStudio_session04.CheckForValidResponse" name="getSingleUserUsingValidatableResponse">
    <skipped/>
  </testcase> <!-- getSingleUserUsingValidatableResponse -->
</testsuite> <!-- CodeStudio_session04.CheckForValidResponse -->
