<?xml version="1.0" encoding="UTF-8"?>
<!-- Generated by org.testng.reporters.JUnitReportReporter -->
<testsuite hostname="Pratixa" failures="0" tests="2" name="CodeStudio_session03.Test_DeleteMethod" time="2.107" errors="0" timestamp="2024-01-31T18:00:48 EST" skipped="1">
  <testcase classname="CodeStudio_session03.Test_DeleteMethod" name="test06" time="2.107"/>
  <testcase classname="CodeStudio_session03.Test_DeleteMethod" name="test05">
    <skipped/>
  </testcase> <!-- test05 -->
</testsuite> <!-- CodeStudio_session03.Test_DeleteMethod -->
