<?xml version="1.0" encoding="UTF-8"?>
<!-- Generated by org.testng.reporters.JUnitReportReporter -->
<testsuite hostname="Pratixa" failures="0" tests="2" name="session03.Test_GetMethod" time="1.479" errors="0" timestamp="2024-01-03T16:46:15 EST" skipped="0">
  <testcase classname="session03.Test_GetMethod" name="test02" time="0.140"/>
  <testcase classname="session03.Test_GetMethod" name="test01" time="1.339"/>
</testsuite> <!-- session03.Test_GetMethod -->
