<?xml version="1.0" encoding="UTF-8"?>
<!-- Generated by org.testng.reporters.JUnitReportReporter -->
<testsuite hostname="Pratixa" failures="0" tests="2" name="CodeStudio_session08.Authorization" time="1.331" errors="0" timestamp="2024-01-04T05:57:05 EST" skipped="1">
  <testcase classname="CodeStudio_session08.Authorization" name="digestAuth" time="1.331"/>
  <testcase classname="CodeStudio_session08.Authorization" name="basicAuth">
    <skipped/>
  </testcase> <!-- basicAuth -->
</testsuite> <!-- CodeStudio_session08.Authorization -->
