<?xml version="1.0" encoding="UTF-8"?>
<!-- Generated by org.testng.reporters.JUnitReportReporter -->
<testsuite hostname="Pratixa" failures="0" tests="2" name="CodeStudio_session02.FirstGetRequest" time="2.276" errors="0" timestamp="2024-05-17T20:11:50 EDT" skipped="0">
  <testcase classname="CodeStudio_session02.FirstGetRequest" name="testcase01" time="2.143"/>
  <testcase classname="CodeStudio_session02.FirstGetRequest" name="testcase02" time="0.133"/>
</testsuite> <!-- CodeStudio_session02.FirstGetRequest -->
