<?xml version="1.0" encoding="UTF-8"?>
<!-- Generated by org.testng.reporters.JUnitReportReporter -->
<testsuite hostname="Pratixa" failures="0" tests="2" name="CodeStudio_session03.Test_PostMethod" time="1.584" errors="0" timestamp="2024-02-13T10:10:13 EST" skipped="1">
  <testcase classname="CodeStudio_session03.Test_PostMethod" name="test04" time="1.584"/>
  <testcase classname="CodeStudio_session03.Test_PostMethod" name="test03">
    <skipped/>
  </testcase> <!-- test03 -->
</testsuite> <!-- CodeStudio_session03.Test_PostMethod -->
