<?xml version="1.0" encoding="UTF-8"?>
<!-- Generated by org.testng.reporters.JUnitReportReporter -->
<testsuite hostname="Pratixa" failures="0" tests="1" name="CodeStudio_session03.Test_PatchMethod" time="1.524" errors="0" timestamp="2024-02-13T10:24:33 EST" skipped="0">
  <testcase classname="CodeStudio_session03.Test_PatchMethod" name="test04" time="1.524"/>
</testsuite> <!-- CodeStudio_session03.Test_PatchMethod -->
