<?xml version="1.0" encoding="UTF-8"?>
<!-- Generated by org.testng.reporters.JUnitReportReporter -->
<testsuite hostname="Pratixa" failures="0" tests="1" name="CodeStudio.Test_PatchMethod" time="1.767" errors="0" timestamp="2023-11-20T10:23:05 EST" skipped="0">
  <testcase classname="CodeStudio.Test_PatchMethod" name="test05" time="1.767"/>
  <system-out/>
</testsuite> <!-- CodeStudio.Test_PatchMethod -->
