<?xml version="1.0" encoding="UTF-8"?>
<!-- Generated by org.testng.reporters.JUnitReportReporter -->
<testsuite hostname="Pratixa" failures="0" tests="3" name="ValidateHTTPResponseStatus.CheckForValidResponse" time="1.463" errors="0" timestamp="2023-11-20T17:36:32 EST" skipped="2">
  <testcase classname="ValidateHTTPResponseStatus.CheckForValidResponse" name="getSingleUser_BDDStyle" time="1.463"/>
  <system-out/>
  <testcase classname="ValidateHTTPResponseStatus.CheckForValidResponse" name="GetSingleUser">
    <skipped/>
  </testcase> <!-- GetSingleUser -->
  <system-out/>
  <testcase classname="ValidateHTTPResponseStatus.CheckForValidResponse" name="GetSingleUserUsingValidatebleRespose">
    <skipped/>
  </testcase> <!-- GetSingleUserUsingValidatebleRespose -->
  <system-out/>
</testsuite> <!-- ValidateHTTPResponseStatus.CheckForValidResponse -->
