<?xml version="1.0" encoding="UTF-8"?>
<!-- Generated by org.testng.reporters.JUnitReportReporter -->
<testsuite hostname="Pratixa" failures="0" tests="1" name="Practice.PracticeDemo_DeleteMethod" time="1.554" errors="0" timestamp="2024-01-10T15:47:10 EST" skipped="0">
  <testcase classname="Practice.PracticeDemo_DeleteMethod" name="test01" time="1.554"/>
</testsuite> <!-- Practice.PracticeDemo_DeleteMethod -->
