<?xml version="1.0" encoding="UTF-8"?>
<!-- Generated by org.testng.reporters.JUnitReportReporter -->
<testsuite hostname="Pratixa" failures="0" tests="1" name="CodeStudio_session22.NestedJsonPayload" time="1.235" errors="0" timestamp="2024-01-06T06:05:56 EST" skipped="0">
  <testcase classname="CodeStudio_session22.NestedJsonPayload" name="createUser" time="1.235"/>
</testsuite> <!-- CodeStudio_session22.NestedJsonPayload -->
