<?xml version="1.0" encoding="UTF-8"?>
<!-- Generated by org.testng.reporters.JUnitReportReporter -->
<testsuite hostname="Pratixa" failures="0" tests="3" name="CodeStudio_session04.CheckForValidateResponse" time="1.236" errors="0" timestamp="2024-02-13T11:39:37 EST" skipped="2">
  <testcase classname="CodeStudio_session04.CheckForValidateResponse" name="GetSingleUser" time="1.236"/>
  <testcase classname="CodeStudio_session04.CheckForValidateResponse" name="getSingleUserUsingValidatableResponse">
    <skipped/>
  </testcase> <!-- getSingleUserUsingValidatableResponse -->
  <testcase classname="CodeStudio_session04.CheckForValidateResponse" name="GetSingleUser_BDDStyle">
    <skipped/>
  </testcase> <!-- GetSingleUser_BDDStyle -->
</testsuite> <!-- CodeStudio_session04.CheckForValidateResponse -->
