<?xml version="1.0" encoding="UTF-8"?>
<!-- Generated by org.testng.reporters.JUnitReportReporter -->
<testsuite hostname="Pratixa" failures="0" tests="1" name="CodeStudio_session05.ValidateResponseHeader" time="1.750" errors="0" timestamp="2024-05-08T17:37:18 EDT" skipped="0">
  <testcase classname="CodeStudio_session05.ValidateResponseHeader" name="responseHeader" time="1.750"/>
</testsuite> <!-- CodeStudio_session05.ValidateResponseHeader -->
