<?xml version="1.0" encoding="UTF-8"?>
<!-- Generated by org.testng.reporters.JUnitReportReporter -->
<testsuite hostname="Pratixa" failures="0" tests="2" name="CodeStudio_session29.ResponseSpec" time="1.299" errors="0" timestamp="2024-01-10T08:13:19 EST" skipped="0">
  <testcase classname="CodeStudio_session29.ResponseSpec" name="getAllbookingIds" time="0.209"/>
  <testcase classname="CodeStudio_session29.ResponseSpec" name="getAllbookingByFirstName" time="1.090"/>
</testsuite> <!-- CodeStudio_session29.ResponseSpec -->
