<?xml version="1.0" encoding="UTF-8"?>
<!-- Generated by org.testng.reporters.JUnitReportReporter -->
<testsuite hostname="Pratixa" failures="0" tests="1" name="CodeStudio_session12.Deserialization" time="2.407" errors="0" timestamp="2024-05-09T06:18:14 EDT" skipped="0">
  <testcase classname="CodeStudio_session12.Deserialization" name="createUser" time="2.407"/>
</testsuite> <!-- CodeStudio_session12.Deserialization -->
