<?xml version="1.0" encoding="UTF-8"?>
<!-- Generated by org.testng.reporters.JUnitReportReporter -->
<testsuite hostname="Pratixa" failures="0" tests="1" name="CodeStudio_session07.QueryParameter" time="2.361" errors="0" timestamp="2024-05-08T17:53:41 EDT" skipped="0">
  <testcase classname="CodeStudio_session07.QueryParameter" name="filterData" time="2.361"/>
</testsuite> <!-- CodeStudio_session07.QueryParameter -->
