<?xml version="1.0" encoding="UTF-8"?>
<!-- Generated by org.testng.reporters.JUnitReportReporter -->
<testsuite hostname="Pratixa" failures="0" tests="1" name="Practice.RestAssuredDemo" time="1.335" errors="0" timestamp="2024-01-10T14:54:04 EST" skipped="0">
  <testcase classname="Practice.RestAssuredDemo" name="getResponse" time="1.335"/>
</testsuite> <!-- Practice.RestAssuredDemo -->
