<?xml version="1.0" encoding="UTF-8"?>
<!-- Generated by org.testng.reporters.JUnitReportReporter -->
<testsuite hostname="Pratixa" failures="0" tests="1" name="session03.Test_PostMethod" time="1.575" errors="0" timestamp="2024-01-03T16:46:35 EST" skipped="0">
  <testcase classname="session03.Test_PostMethod" name="test03" time="1.575"/>
</testsuite> <!-- session03.Test_PostMethod -->
