<?xml version="1.0" encoding="UTF-8"?>
<!-- Generated by org.testng.reporters.JUnitReportReporter -->
<testsuite hostname="Pratixa" failures="0" tests="1" name="CodeStudio.Test_DeleteMethod" time="1.579" errors="0" timestamp="2023-11-20T10:31:21 EST" skipped="0">
  <testcase classname="CodeStudio.Test_DeleteMethod" name="test06" time="1.579"/>
  <system-out/>
</testsuite> <!-- CodeStudio.Test_DeleteMethod -->
