<?xml version="1.0" encoding="UTF-8"?>
<!-- Generated by org.testng.reporters.JUnitReportReporter -->
<testsuite hostname="Pratixa" failures="0" tests="1" name="session03.Test_PatchMethod" time="1.524" errors="0" timestamp="2024-01-03T16:48:32 EST" skipped="0">
  <testcase classname="session03.Test_PatchMethod" name="test04" time="1.524"/>
</testsuite> <!-- session03.Test_PatchMethod -->
