<?xml version="1.0" encoding="UTF-8"?>
<!-- Generated by org.testng.reporters.JUnitReportReporter -->
<testsuite hostname="Pratixa" failures="0" tests="2" name="CodeStudio_session03.Test_GetMethod" time="1.650" errors="0" timestamp="2024-05-17T20:50:13 EDT" skipped="1">
  <testcase classname="CodeStudio_session03.Test_GetMethod" name="test03" time="1.650"/>
  <testcase classname="CodeStudio_session03.Test_GetMethod" name="test02">
    <skipped/>
  </testcase> <!-- test02 -->
</testsuite> <!-- CodeStudio_session03.Test_GetMethod -->
