<?xml version="1.0" encoding="UTF-8"?>
<!-- Generated by org.testng.reporters.JUnitReportReporter -->
<testsuite hostname="Pratixa" failures="0" tests="1" name="CodeStudio_session03.Test_PutMethod" time="1.585" errors="0" timestamp="2024-02-13T10:21:29 EST" skipped="0">
  <testcase classname="CodeStudio_session03.Test_PutMethod" name="test03" time="1.585"/>
</testsuite> <!-- CodeStudio_session03.Test_PutMethod -->
