<?xml version="1.0" encoding="UTF-8"?>
<!-- Generated by org.testng.reporters.JUnitReportReporter -->
<testsuite hostname="Pratixa" failures="0" tests="1" name="CodeStudio_session13.QueryRequestSpecification" time="0.457" errors="0" timestamp="2024-01-11T10:00:52 EST" skipped="0">
  <testcase classname="CodeStudio_session13.QueryRequestSpecification" name="createUser" time="0.457"/>
</testsuite> <!-- CodeStudio_session13.QueryRequestSpecification -->
