<?xml version="1.0" encoding="UTF-8"?>
<!-- Generated by org.testng.reporters.JUnitReportReporter -->
<testsuite hostname="Pratixa" failures="0" tests="1" name="CodeStudio_session21.JsonArrayPojoClassDemo" time="2.171" errors="0" timestamp="2024-01-05T17:39:51 EST" skipped="0">
  <testcase classname="CodeStudio_session21.JsonArrayPojoClassDemo" name="createEmployeesJSONArray" time="2.171"/>
</testsuite> <!-- CodeStudio_session21.JsonArrayPojoClassDemo -->
