<?xml version="1.0" encoding="UTF-8"?>
<!-- Generated by org.testng.reporters.JUnitReportReporter -->
<testsuite hostname="Pratixa" failures="0" tests="1" name="Practice.PracticeDemo_PatchMethod" time="1.500" errors="0" timestamp="2024-01-10T15:47:30 EST" skipped="0">
  <testcase classname="Practice.PracticeDemo_PatchMethod" name="test01" time="1.500"/>
</testsuite> <!-- Practice.PracticeDemo_PatchMethod -->
