<?xml version="1.0" encoding="UTF-8"?>
<!-- Generated by org.testng.reporters.JUnitReportReporter -->
<testsuite hostname="Pratixa" failures="0" tests="1" name="CodeStudio_session28.AddHeaderInRequest" time="1.475" errors="0" timestamp="2024-01-10T07:27:24 EST" skipped="0">
  <testcase classname="CodeStudio_session28.AddHeaderInRequest" name="testMethod1" time="1.475"/>
</testsuite> <!-- CodeStudio_session28.AddHeaderInRequest -->
