<?xml version="1.0" encoding="UTF-8"?>
<!-- Generated by org.testng.reporters.JUnitReportReporter -->
<testsuite hostname="Pratixa" failures="0" tests="1" name="CodeStudio_session17.JSONObjectUsingJacksonAPI" time="2.150" errors="0" timestamp="2024-01-10T05:48:42 EST" skipped="0">
  <testcase classname="CodeStudio_session17.JSONObjectUsingJacksonAPI" name="createUser" time="2.150"/>
</testsuite> <!-- CodeStudio_session17.JSONObjectUsingJacksonAPI -->
