<?xml version="1.0" encoding="UTF-8"?>
<!-- Generated by org.testng.reporters.JUnitReportReporter -->
<testsuite hostname="Pratixa" failures="0" tests="2" name="CodeStudio_session16.JSONArrayDemo" time="1.905" errors="0" timestamp="2024-01-09T21:50:11 EST" skipped="1">
  <testcase classname="CodeStudio_session16.JSONArrayDemo" name="CreateJSonArrayUsingList" time="1.905"/>
  <testcase classname="CodeStudio_session16.JSONArrayDemo" name="createUserUsingJSONArray">
    <skipped/>
  </testcase> <!-- createUserUsingJSONArray -->
</testsuite> <!-- CodeStudio_session16.JSONArrayDemo -->
