<?xml version="1.0" encoding="UTF-8"?>
<!-- Generated by org.testng.reporters.JUnitReportReporter -->
<testsuite hostname="Pratixa" failures="0" tests="2" name="Practice.PracticeDemo1" time="1.736" errors="0" timestamp="2024-01-10T15:26:03 EST" skipped="0">
  <testcase classname="Practice.PracticeDemo1" name="test02" time="0.394"/>
  <testcase classname="Practice.PracticeDemo1" name="getResponse" time="1.342"/>
</testsuite> <!-- Practice.PracticeDemo1 -->
