<?xml version="1.0" encoding="UTF-8"?>
<!-- Generated by org.testng.reporters.JUnitReportReporter -->
<testsuite hostname="Pratixa" failures="0" tests="1" name="session03.Test_DeleteMethod" time="1.425" errors="0" timestamp="2024-01-03T16:48:51 EST" skipped="0">
  <testcase classname="session03.Test_DeleteMethod" name="test05" time="1.425"/>
</testsuite> <!-- session03.Test_DeleteMethod -->
